  The vcpkg manifest was disabled, but we found a manifest file in D:\sina\code\cplusplus\libraries\nulltype\. You may want to enable vcpkg manifests in your properties page or pass /p:VcpkgEnableManifest=true to the msbuild invocation.
nulltype.obj : error LNK2019: unresolved external symbol "__declspec(dllimport) void __cdecl Vibend::resetstyle(void)" (__imp_?resetstyle@Vibend@@YAXXZ) referenced in function main
nulltype.obj : error LNK2019: unresolved external symbol "__declspec(dllimport) void __cdecl Vibend::clear(void)" (__imp_?clear@Vibend@@YAXXZ) referenced in function main
nulltype.obj : error LNK2019: unresolved external symbol "__declspec(dllimport) public: __cdecl Vibend::Box::Box(void)" (__imp_??0Box@Vibend@@QEAA@XZ) referenced in function main
nulltype.obj : error LNK2019: unresolved external symbol "__declspec(dllimport) public: __cdecl Vibend::Box::Box(unsigned short,unsigned short,unsigned short,unsigned short)" (__imp_??0Box@Vibend@@QEAA@GGGG@Z) referenced in function main
typing.obj : error LNK2001: unresolved external symbol "__declspec(dllimport) public: __cdecl Vibend::Box::Box(unsigned short,unsigned short,unsigned short,unsigned short)" (__imp_??0Box@Vibend@@QEAA@GGGG@Z)
nulltype.obj : error LNK2019: unresolved external symbol "__declspec(dllimport) public: struct Vibend::Box __cdecl Vibend::Box::outer(void)" (__imp_?outer@Box@Vibend@@QEAA?AU12@XZ) referenced in function main
typing.obj : error LNK2001: unresolved external symbol "__declspec(dllimport) public: struct Vibend::Box __cdecl Vibend::Box::outer(void)" (__imp_?outer@Box@Vibend@@QEAA?AU12@XZ)
nulltype.obj : error LNK2019: unresolved external symbol "__declspec(dllimport) public: __cdecl Vibend::Panel::Panel(struct Vibend::Box)" (__imp_??0Panel@Vibend@@QEAA@UBox@1@@Z) referenced in function main
typing.obj : error LNK2001: unresolved external symbol "__declspec(dllimport) public: __cdecl Vibend::Panel::Panel(struct Vibend::Box)" (__imp_??0Panel@Vibend@@QEAA@UBox@1@@Z)
nulltype.obj : error LNK2019: unresolved external symbol "__declspec(dllimport) public: void __cdecl Vibend::Panel::drawborder(void)" (__imp_?drawborder@Panel@Vibend@@QEAAXXZ) referenced in function main
typing.obj : error LNK2001: unresolved external symbol "__declspec(dllimport) public: void __cdecl Vibend::Panel::drawborder(void)" (__imp_?drawborder@Panel@Vibend@@QEAAXXZ)
nulltype.obj : error LNK2019: unresolved external symbol "__declspec(dllimport) public: __cdecl Vibend::ItemSelect::ItemSelect(struct Vibend::Box,class std::vector<char const *,class std::allocator<char const *> > *)" (__imp_??0ItemSelect@Vibend@@QEAA@UBox@1@PEAV?$vector@PEBDV?$allocator@PEBD@std@@@std@@@Z) referenced in function main
nulltype.obj : error LNK2019: unresolved external symbol "__declspec(dllimport) public: void __cdecl Vibend::ItemSelect::drawall(void)" (__imp_?drawall@ItemSelect@Vibend@@QEAAXXZ) referenced in function main
nulltype.obj : error LNK2019: unresolved external symbol "__declspec(dllimport) public: void __cdecl Vibend::ItemSelect::hover(unsigned short)" (__imp_?hover@ItemSelect@Vibend@@QEAAXG@Z) referenced in function main
nulltype.obj : error LNK2019: unresolved external symbol "__declspec(dllimport) public: unsigned char __cdecl Vibend::ItemSelect::refresh(bool)" (__imp_?refresh@ItemSelect@Vibend@@QEAAE_N@Z) referenced in function main
nulltype.obj : error LNK2019: unresolved external symbol "__declspec(dllimport) unsigned char __cdecl Vibend::init(void)" (__imp_?init@Vibend@@YAEXZ) referenced in function main
nulltype.obj : error LNK2019: unresolved external symbol "__declspec(dllimport) void __cdecl Vibend::checksize(void)" (__imp_?checksize@Vibend@@YAXXZ) referenced in function main
nulltype.obj : error LNK2019: unresolved external symbol "__declspec(dllimport) unsigned short __cdecl Vibend::Literals::operator "" _vw(unsigned __int64)" (__imp_??__K_vw@Literals@Vibend@@YAG_K@Z) referenced in function main
typing.obj : error LNK2001: unresolved external symbol "__declspec(dllimport) unsigned short __cdecl Vibend::Literals::operator "" _vw(unsigned __int64)" (__imp_??__K_vw@Literals@Vibend@@YAG_K@Z)
nulltype.obj : error LNK2019: unresolved external symbol "__declspec(dllimport) unsigned short __cdecl Vibend::Literals::operator "" _vh(unsigned __int64)" (__imp_??__K_vh@Literals@Vibend@@YAG_K@Z) referenced in function main
typing.obj : error LNK2001: unresolved external symbol "__declspec(dllimport) unsigned short __cdecl Vibend::Literals::operator "" _vh(unsigned __int64)" (__imp_??__K_vh@Literals@Vibend@@YAG_K@Z)
nulltype.obj : error LNK2019: unresolved external symbol __imp_curl_slist_append referenced in function "class std::basic_string<char,struct std::char_traits<char>,class std::allocator<char> > __cdecl sendRequest(class std::basic_string<char,struct std::char_traits<char>,class std::allocator<char> > const &)" (?sendRequest@@YA?AV?$basic_string@DU?$char_traits@D@std@@V?$allocator@D@2@@std@@AEBV12@@Z)
nulltype.obj : error LNK2019: unresolved external symbol __imp_curl_easy_init referenced in function "class std::basic_string<char,struct std::char_traits<char>,class std::allocator<char> > __cdecl sendRequest(class std::basic_string<char,struct std::char_traits<char>,class std::allocator<char> > const &)" (?sendRequest@@YA?AV?$basic_string@DU?$char_traits@D@std@@V?$allocator@D@2@@std@@AEBV12@@Z)
nulltype.obj : error LNK2019: unresolved external symbol __imp_curl_easy_setopt referenced in function "class std::basic_string<char,struct std::char_traits<char>,class std::allocator<char> > __cdecl sendRequest(class std::basic_string<char,struct std::char_traits<char>,class std::allocator<char> > const &)" (?sendRequest@@YA?AV?$basic_string@DU?$char_traits@D@std@@V?$allocator@D@2@@std@@AEBV12@@Z)
nulltype.obj : error LNK2019: unresolved external symbol __imp_curl_easy_perform referenced in function "class std::basic_string<char,struct std::char_traits<char>,class std::allocator<char> > __cdecl sendRequest(class std::basic_string<char,struct std::char_traits<char>,class std::allocator<char> > const &)" (?sendRequest@@YA?AV?$basic_string@DU?$char_traits@D@std@@V?$allocator@D@2@@std@@AEBV12@@Z)
nulltype.obj : error LNK2019: unresolved external symbol __imp_curl_easy_cleanup referenced in function "class std::basic_string<char,struct std::char_traits<char>,class std::allocator<char> > __cdecl sendRequest(class std::basic_string<char,struct std::char_traits<char>,class std::allocator<char> > const &)" (?sendRequest@@YA?AV?$basic_string@DU?$char_traits@D@std@@V?$allocator@D@2@@std@@AEBV12@@Z)
nulltype.obj : error LNK2019: unresolved external symbol "__declspec(dllimport) unsigned short Vibend::screenwidth" (__imp_?screenwidth@Vibend@@3GA) referenced in function main
nulltype.obj : error LNK2019: unresolved external symbol "__declspec(dllimport) unsigned short Vibend::screenheight" (__imp_?screenheight@Vibend@@3GA) referenced in function main
typing.obj : error LNK2019: unresolved external symbol "__declspec(dllimport) void __cdecl Vibend::print(unsigned char)" (__imp_?print@Vibend@@YAXE@Z) referenced in function "unsigned char __cdecl getch(char)" (?getch@@YAED@Z)
typing.obj : error LNK2019: unresolved external symbol "__declspec(dllimport) void __cdecl Vibend::print(char const *)" (__imp_?print@Vibend@@YAXPEBD@Z) referenced in function "void __cdecl drawStar(void)" (?drawStar@@YAXXZ)
typing.obj : error LNK2019: unresolved external symbol "__declspec(dllimport) void __cdecl Vibend::savepos(void)" (__imp_?savepos@Vibend@@YAXXZ) referenced in function "class std::chrono::duration<double,struct std::ratio<1,1> > __cdecl takeTest(char const *)" (?takeTest@@YA?AV?$duration@NU?$ratio@$00$00@std@@@chrono@std@@PEBD@Z)
typing.obj : error LNK2019: unresolved external symbol "__declspec(dllimport) void __cdecl Vibend::loadpos(void)" (__imp_?loadpos@Vibend@@YAXXZ) referenced in function "class std::chrono::duration<double,struct std::ratio<1,1> > __cdecl takeTest(char const *)" (?takeTest@@YA?AV?$duration@NU?$ratio@$00$00@std@@@chrono@std@@PEBD@Z)
typing.obj : error LNK2019: unresolved external symbol "__declspec(dllimport) void __cdecl Vibend::teleport(unsigned short,unsigned short)" (__imp_?teleport@Vibend@@YAXGG@Z) referenced in function "void __cdecl showDetails(class std::chrono::duration<double,struct std::ratio<1,1> >,int,int)" (?showDetails@@YAXV?$duration@NU?$ratio@$00$00@std@@@chrono@std@@HH@Z)
typing.obj : error LNK2019: unresolved external symbol "__declspec(dllimport) void __cdecl Vibend::move(short,short)" (__imp_?move@Vibend@@YAXFF@Z) referenced in function "void __cdecl drawStar(void)" (?drawStar@@YAXXZ)
typing.obj : error LNK2019: unresolved external symbol "__declspec(dllimport) void __cdecl Vibend::resetforeground(void)" (__imp_?resetforeground@Vibend@@YAXXZ) referenced in function "public: __cdecl <lambda_b6081874198332ac97d07e4a95c866e2>::operator()(void)const " (??R<lambda_b6081874198332ac97d07e4a95c866e2>@@QEBA@XZ)
typing.obj : error LNK2019: unresolved external symbol "__declspec(dllimport) void __cdecl Vibend::setforeground(enum Vibend::Color)" (__imp_?setforeground@Vibend@@YAXW4Color@1@@Z) referenced in function "public: __cdecl <lambda_3777b4d1473b382ed99dd22f57256843>::operator()(void)const " (??R<lambda_3777b4d1473b382ed99dd22f57256843>@@QEBA@XZ)
typing.obj : error LNK2019: unresolved external symbol "__declspec(dllimport) void __cdecl Vibend::resetbackground(void)" (__imp_?resetbackground@Vibend@@YAXXZ) referenced in function "unsigned char __cdecl getch(char)" (?getch@@YAED@Z)
typing.obj : error LNK2019: unresolved external symbol "__declspec(dllimport) void __cdecl Vibend::setbackground(enum Vibend::Color)" (__imp_?setbackground@Vibend@@YAXW4Color@1@@Z) referenced in function "unsigned char __cdecl getch(char)" (?getch@@YAED@Z)
typing.obj : error LNK2019: unresolved external symbol "__declspec(dllimport) unsigned char __cdecl Vibend::getch(bool)" (__imp_?getch@Vibend@@YAE_N@Z) referenced in function "unsigned char __cdecl getch(char)" (?getch@@YAED@Z)
typing.obj : error LNK2019: unresolved external symbol "__declspec(dllimport) public: __cdecl Vibend::Panel::Panel(struct Vibend::Box,unsigned char,unsigned char,unsigned char,unsigned char,unsigned char,unsigned char,unsigned char,unsigned char)" (__imp_??0Panel@Vibend@@QEAA@UBox@1@EEEEEEEE@Z) referenced in function "class std::chrono::duration<double,struct std::ratio<1,1> > __cdecl takeTest(char const *)" (?takeTest@@YA?AV?$duration@NU?$ratio@$00$00@std@@@chrono@std@@PEBD@Z)
typing.obj : error LNK2019: unresolved external symbol "__declspec(dllimport) public: void __cdecl Vibend::Panel::draw(void)" (__imp_?draw@Panel@Vibend@@QEAAXXZ) referenced in function "void __cdecl showDetails(class std::chrono::duration<double,struct std::ratio<1,1> >,int,int)" (?showDetails@@YAXV?$duration@NU?$ratio@$00$00@std@@@chrono@std@@HH@Z)
typing.obj : error LNK2019: unresolved external symbol "__declspec(dllimport) public: __cdecl Vibend::ProgressBar::ProgressBar(struct Vibend::Box,unsigned char,unsigned char,unsigned char,void (__cdecl*)(void),void (__cdecl*)(void))" (__imp_??0ProgressBar@Vibend@@QEAA@UBox@1@EEEP6AXXZ1@Z) referenced in function "class std::chrono::duration<double,struct std::ratio<1,1> > __cdecl takeTest(char const *)" (?takeTest@@YA?AV?$duration@NU?$ratio@$00$00@std@@@chrono@std@@PEBD@Z)
typing.obj : error LNK2019: unresolved external symbol "__declspec(dllimport) public: void __cdecl Vibend::ProgressBar::draw(void)" (__imp_?draw@ProgressBar@Vibend@@QEAAXXZ) referenced in function "class std::chrono::duration<double,struct std::ratio<1,1> > __cdecl takeTest(char const *)" (?takeTest@@YA?AV?$duration@NU?$ratio@$00$00@std@@@chrono@std@@PEBD@Z)
typing.obj : error LNK2019: unresolved external symbol "__declspec(dllimport) public: __cdecl Vibend::TextBox::TextBox(struct Vibend::Box,char const *)" (__imp_??0TextBox@Vibend@@QEAA@UBox@1@PEBD@Z) referenced in function "void __cdecl showDetails(class std::chrono::duration<double,struct std::ratio<1,1> >,int,int)" (?showDetails@@YAXV?$duration@NU?$ratio@$00$00@std@@@chrono@std@@HH@Z)
typing.obj : error LNK2019: unresolved external symbol "__declspec(dllimport) public: __cdecl Vibend::TextBox::~TextBox(void)" (__imp_??1TextBox@Vibend@@QEAA@XZ) referenced in function "void __cdecl showDetails(class std::chrono::duration<double,struct std::ratio<1,1> >,int,int)" (?showDetails@@YAXV?$duration@NU?$ratio@$00$00@std@@@chrono@std@@HH@Z)
typing.obj : error LNK2019: unresolved external symbol "__declspec(dllimport) public: void __cdecl Vibend::TextBox::checkbreaks(void)" (__imp_?checkbreaks@TextBox@Vibend@@QEAAXXZ) referenced in function "class std::chrono::duration<double,struct std::ratio<1,1> > __cdecl takeTest(char const *)" (?takeTest@@YA?AV?$duration@NU?$ratio@$00$00@std@@@chrono@std@@PEBD@Z)
typing.obj : error LNK2019: unresolved external symbol "__declspec(dllimport) public: void __cdecl Vibend::TextBox::draw(unsigned short)" (__imp_?draw@TextBox@Vibend@@QEAAXG@Z) referenced in function "void __cdecl showDetails(class std::chrono::duration<double,struct std::ratio<1,1> >,int,int)" (?showDetails@@YAXV?$duration@NU?$ratio@$00$00@std@@@chrono@std@@HH@Z)
..\..\vibend\Debug\vibend.lib : warning LNK4272: library machine type 'x86' conflicts with target machine type 'x64'
D:\sina\code\cplusplus\libraries\nulltype\x64\Debug\nulltype.exe : fatal error LNK1120: 41 unresolved externals
